[Tue Sep 10 15:07:05.916962 2019] [wsgi:info] [pid 17232:tid 140131438193600] mod_wsgi (pid=17232): Attach interpreter ''.
[Tue Sep 10 15:07:05.920839 2019] [wsgi:info] [pid 17233:tid 140131438193600] mod_wsgi (pid=17233): Attach interpreter ''.
[Tue Sep 10 15:07:05.923052 2019] [wsgi:info] [pid 17230:tid 140131438193600] mod_wsgi (pid=17230): Attach interpreter ''.
[Tue Sep 10 15:07:05.923382 2019] [wsgi:info] [pid 17231:tid 140131438193600] mod_wsgi (pid=17231): Attach interpreter ''.
[Tue Sep 10 15:07:05.926768 2019] [wsgi:debug] [pid 17232:tid 140131313743616] src/server/mod_wsgi.c(8908): mod_wsgi (pid=17232): Started thread 1 in daemon process 'ecomap'.
[Tue Sep 10 15:07:05.926812 2019] [wsgi:debug] [pid 17232:tid 140131305350912] src/server/mod_wsgi.c(8908): mod_wsgi (pid=17232): Started thread 2 in daemon process 'ecomap'.
[Tue Sep 10 15:07:05.926828 2019] [wsgi:debug] [pid 17232:tid 140131296958208] src/server/mod_wsgi.c(8908): mod_wsgi (pid=17232): Started thread 3 in daemon process 'ecomap'.
[Tue Sep 10 15:07:05.926839 2019] [wsgi:debug] [pid 17232:tid 140131288565504] src/server/mod_wsgi.c(8908): mod_wsgi (pid=17232): Started thread 4 in daemon process 'ecomap'.
[Tue Sep 10 15:07:05.926867 2019] [wsgi:debug] [pid 17233:tid 140131322136320] src/server/mod_wsgi.c(8908): mod_wsgi (pid=17233): Started thread 0 in daemon process 'ecomap'.
[Tue Sep 10 15:07:05.926882 2019] [wsgi:debug] [pid 17233:tid 140131313743616] src/server/mod_wsgi.c(8908): mod_wsgi (pid=17233): Started thread 1 in daemon process 'ecomap'.
[Tue Sep 10 15:07:05.926896 2019] [wsgi:debug] [pid 17232:tid 140131322136320] src/server/mod_wsgi.c(8908): mod_wsgi (pid=17232): Started thread 0 in daemon process 'ecomap'.
[Tue Sep 10 15:07:05.926908 2019] [wsgi:debug] [pid 17233:tid 140131305350912] src/server/mod_wsgi.c(8908): mod_wsgi (pid=17233): Started thread 2 in daemon process 'ecomap'.
[Tue Sep 10 15:07:05.926920 2019] [wsgi:debug] [pid 17233:tid 140131296958208] src/server/mod_wsgi.c(8908): mod_wsgi (pid=17233): Started thread 3 in daemon process 'ecomap'.
[Tue Sep 10 15:07:05.926934 2019] [wsgi:debug] [pid 17233:tid 140131288565504] src/server/mod_wsgi.c(8908): mod_wsgi (pid=17233): Started thread 4 in daemon process 'ecomap'.
[Tue Sep 10 15:07:05.924498 2019] [wsgi:info] [pid 17229:tid 140131438193600] mod_wsgi (pid=17229): Attach interpreter ''.
[Tue Sep 10 15:07:05.927305 2019] [wsgi:debug] [pid 17230:tid 140131322136320] src/server/mod_wsgi.c(8908): mod_wsgi (pid=17230): Started thread 0 in daemon process 'ecomap'.
[Tue Sep 10 15:07:05.927325 2019] [wsgi:debug] [pid 17230:tid 140131296958208] src/server/mod_wsgi.c(8908): mod_wsgi (pid=17230): Started thread 3 in daemon process 'ecomap'.
[Tue Sep 10 15:07:05.927346 2019] [wsgi:debug] [pid 17231:tid 140131322136320] src/server/mod_wsgi.c(8908): mod_wsgi (pid=17231): Started thread 0 in daemon process 'ecomap'.
[Tue Sep 10 15:07:05.927371 2019] [wsgi:debug] [pid 17230:tid 140131313743616] src/server/mod_wsgi.c(8908): mod_wsgi (pid=17230): Started thread 1 in daemon process 'ecomap'.
[Tue Sep 10 15:07:05.927384 2019] [wsgi:debug] [pid 17230:tid 140131305350912] src/server/mod_wsgi.c(8908): mod_wsgi (pid=17230): Started thread 2 in daemon process 'ecomap'.
[Tue Sep 10 15:07:05.927395 2019] [wsgi:debug] [pid 17230:tid 140131288565504] src/server/mod_wsgi.c(8908): mod_wsgi (pid=17230): Started thread 4 in daemon process 'ecomap'.
[Tue Sep 10 15:07:05.927407 2019] [wsgi:debug] [pid 17231:tid 140131313743616] src/server/mod_wsgi.c(8908): mod_wsgi (pid=17231): Started thread 1 in daemon process 'ecomap'.
[Tue Sep 10 15:07:05.927420 2019] [wsgi:debug] [pid 17231:tid 140131305350912] src/server/mod_wsgi.c(8908): mod_wsgi (pid=17231): Started thread 2 in daemon process 'ecomap'.
[Tue Sep 10 15:07:05.927432 2019] [wsgi:debug] [pid 17231:tid 140131296958208] src/server/mod_wsgi.c(8908): mod_wsgi (pid=17231): Started thread 3 in daemon process 'ecomap'.
[Tue Sep 10 15:07:05.927444 2019] [wsgi:debug] [pid 17231:tid 140131288565504] src/server/mod_wsgi.c(8908): mod_wsgi (pid=17231): Started thread 4 in daemon process 'ecomap'.
[Tue Sep 10 15:07:05.928385 2019] [wsgi:debug] [pid 17229:tid 140131322136320] src/server/mod_wsgi.c(8908): mod_wsgi (pid=17229): Started thread 0 in daemon process 'ecomap'.
[Tue Sep 10 15:07:05.928405 2019] [wsgi:debug] [pid 17229:tid 140131313743616] src/server/mod_wsgi.c(8908): mod_wsgi (pid=17229): Started thread 1 in daemon process 'ecomap'.
[Tue Sep 10 15:07:05.928419 2019] [wsgi:debug] [pid 17229:tid 140131288565504] src/server/mod_wsgi.c(8908): mod_wsgi (pid=17229): Started thread 4 in daemon process 'ecomap'.
[Tue Sep 10 15:07:05.928430 2019] [wsgi:debug] [pid 17229:tid 140131305350912] src/server/mod_wsgi.c(8908): mod_wsgi (pid=17229): Started thread 2 in daemon process 'ecomap'.
[Tue Sep 10 15:07:05.928441 2019] [wsgi:debug] [pid 17229:tid 140131296958208] src/server/mod_wsgi.c(8908): mod_wsgi (pid=17229): Started thread 3 in daemon process 'ecomap'.
[Tue Sep 10 15:08:57.426949 2019] [authz_core:debug] [pid 17234:tid 140131330529024] mod_authz_core.c(809): [client 127.0.0.1:43428] AH01626: authorization result of Require all granted: granted
[Tue Sep 10 15:08:57.426994 2019] [authz_core:debug] [pid 17234:tid 140131330529024] mod_authz_core.c(809): [client 127.0.0.1:43428] AH01626: authorization result of <RequireAny>: granted
[Tue Sep 10 15:08:57.427049 2019] [authz_core:debug] [pid 17234:tid 140131330529024] mod_authz_core.c(809): [client 127.0.0.1:43428] AH01626: authorization result of Require all granted: granted
[Tue Sep 10 15:08:57.427057 2019] [authz_core:debug] [pid 17234:tid 140131330529024] mod_authz_core.c(809): [client 127.0.0.1:43428] AH01626: authorization result of <RequireAny>: granted
[Tue Sep 10 15:19:59.836753 2019] [wsgi:info] [pid 17229:tid 140131438193600] mod_wsgi (pid=17229): Shutdown requested 'ecomap'.
[Tue Sep 10 15:19:59.836987 2019] [wsgi:info] [pid 17229:tid 140131438193600] mod_wsgi (pid=17229): Stopping process 'ecomap'.
[Tue Sep 10 15:19:59.837002 2019] [wsgi:info] [pid 17229:tid 140131438193600] mod_wsgi (pid=17229): Destroying interpreters.
[Tue Sep 10 15:19:59.837008 2019] [wsgi:info] [pid 17229:tid 140131438193600] mod_wsgi (pid=17229): Cleanup interpreter ''.
[Tue Sep 10 15:19:59.837732 2019] [wsgi:debug] [pid 17229:tid 140131296958208] src/server/mod_wsgi.c(8889): mod_wsgi (pid=17229): Exiting thread 3 in daemon process 'ecomap'.
[Tue Sep 10 15:19:59.837950 2019] [wsgi:debug] [pid 17229:tid 140131305350912] src/server/mod_wsgi.c(8889): mod_wsgi (pid=17229): Exiting thread 2 in daemon process 'ecomap'.
[Tue Sep 10 15:19:59.837992 2019] [wsgi:debug] [pid 17229:tid 140131313743616] src/server/mod_wsgi.c(8889): mod_wsgi (pid=17229): Exiting thread 1 in daemon process 'ecomap'.
[Tue Sep 10 15:19:59.838022 2019] [wsgi:debug] [pid 17229:tid 140131288565504] src/server/mod_wsgi.c(8889): mod_wsgi (pid=17229): Exiting thread 4 in daemon process 'ecomap'.
[Tue Sep 10 15:19:59.836815 2019] [wsgi:info] [pid 17230:tid 140131438193600] mod_wsgi (pid=17230): Shutdown requested 'ecomap'.
[Tue Sep 10 15:19:59.838099 2019] [wsgi:info] [pid 17230:tid 140131438193600] mod_wsgi (pid=17230): Stopping process 'ecomap'.
[Tue Sep 10 15:19:59.838110 2019] [wsgi:info] [pid 17230:tid 140131438193600] mod_wsgi (pid=17230): Destroying interpreters.
[Tue Sep 10 15:19:59.838116 2019] [wsgi:info] [pid 17230:tid 140131438193600] mod_wsgi (pid=17230): Cleanup interpreter ''.
[Tue Sep 10 15:19:59.839829 2019] [wsgi:info] [pid 17230:tid 140131438193600] mod_wsgi (pid=17230): Terminating Python.
[Tue Sep 10 15:19:59.841424 2019] [wsgi:info] [pid 17230:tid 140131438193600] mod_wsgi (pid=17230): Python has shutdown.
[Tue Sep 10 15:19:59.841439 2019] [wsgi:info] [pid 17230:tid 140131438193600] mod_wsgi (pid=17230): Exiting process 'ecomap'.
[Tue Sep 10 15:19:59.836848 2019] [wsgi:info] [pid 17231:tid 140131438193600] mod_wsgi (pid=17231): Shutdown requested 'ecomap'.
[Tue Sep 10 15:19:59.841900 2019] [wsgi:info] [pid 17231:tid 140131438193600] mod_wsgi (pid=17231): Stopping process 'ecomap'.
[Tue Sep 10 15:19:59.841912 2019] [wsgi:info] [pid 17231:tid 140131438193600] mod_wsgi (pid=17231): Destroying interpreters.
[Tue Sep 10 15:19:59.841926 2019] [wsgi:info] [pid 17231:tid 140131438193600] mod_wsgi (pid=17231): Cleanup interpreter ''.
[Tue Sep 10 15:19:59.843630 2019] [wsgi:info] [pid 17231:tid 140131438193600] mod_wsgi (pid=17231): Terminating Python.
[Tue Sep 10 15:19:59.845260 2019] [wsgi:info] [pid 17231:tid 140131438193600] mod_wsgi (pid=17231): Python has shutdown.
[Tue Sep 10 15:19:59.845276 2019] [wsgi:info] [pid 17231:tid 140131438193600] mod_wsgi (pid=17231): Exiting process 'ecomap'.
[Tue Sep 10 15:19:59.836884 2019] [wsgi:info] [pid 17232:tid 140131438193600] mod_wsgi (pid=17232): Shutdown requested 'ecomap'.
[Tue Sep 10 15:19:59.845611 2019] [wsgi:info] [pid 17232:tid 140131438193600] mod_wsgi (pid=17232): Stopping process 'ecomap'.
[Tue Sep 10 15:19:59.845623 2019] [wsgi:info] [pid 17232:tid 140131438193600] mod_wsgi (pid=17232): Destroying interpreters.
[Tue Sep 10 15:19:59.845630 2019] [wsgi:info] [pid 17232:tid 140131438193600] mod_wsgi (pid=17232): Cleanup interpreter ''.
[Tue Sep 10 15:19:59.845769 2019] [wsgi:debug] [pid 17232:tid 140131313743616] src/server/mod_wsgi.c(8889): mod_wsgi (pid=17232): Exiting thread 1 in daemon process 'ecomap'.
[Tue Sep 10 15:19:59.846050 2019] [wsgi:debug] [pid 17232:tid 140131288565504] src/server/mod_wsgi.c(8889): mod_wsgi (pid=17232): Exiting thread 4 in daemon process 'ecomap'.
[Tue Sep 10 15:19:59.846093 2019] [wsgi:debug] [pid 17232:tid 140131305350912] src/server/mod_wsgi.c(8889): mod_wsgi (pid=17232): Exiting thread 2 in daemon process 'ecomap'.
[Tue Sep 10 15:19:59.846126 2019] [wsgi:debug] [pid 17232:tid 140131296958208] src/server/mod_wsgi.c(8889): mod_wsgi (pid=17232): Exiting thread 3 in daemon process 'ecomap'.
[Tue Sep 10 15:19:59.836908 2019] [wsgi:info] [pid 17233:tid 140131438193600] mod_wsgi (pid=17233): Shutdown requested 'ecomap'.
[Tue Sep 10 15:19:59.846210 2019] [wsgi:info] [pid 17233:tid 140131438193600] mod_wsgi (pid=17233): Stopping process 'ecomap'.
[Tue Sep 10 15:19:59.846221 2019] [wsgi:info] [pid 17233:tid 140131438193600] mod_wsgi (pid=17233): Destroying interpreters.
[Tue Sep 10 15:19:59.846226 2019] [wsgi:info] [pid 17233:tid 140131438193600] mod_wsgi (pid=17233): Cleanup interpreter ''.
[Tue Sep 10 15:19:59.847898 2019] [wsgi:info] [pid 17233:tid 140131438193600] mod_wsgi (pid=17233): Terminating Python.
[Tue Sep 10 15:19:59.849482 2019] [wsgi:info] [pid 17233:tid 140131438193600] mod_wsgi (pid=17233): Python has shutdown.
[Tue Sep 10 15:19:59.849496 2019] [wsgi:info] [pid 17233:tid 140131438193600] mod_wsgi (pid=17233): Exiting process 'ecomap'.
[Tue Sep 10 15:19:59.850561 2019] [wsgi:info] [pid 17232:tid 140131438193600] mod_wsgi (pid=17232): Terminating Python.
[Tue Sep 10 15:19:59.854882 2019] [wsgi:info] [pid 17229:tid 140131438193600] mod_wsgi (pid=17229): Terminating Python.
[Tue Sep 10 15:19:59.856518 2019] [wsgi:info] [pid 17229:tid 140131438193600] mod_wsgi (pid=17229): Python has shutdown.
[Tue Sep 10 15:19:59.856534 2019] [wsgi:info] [pid 17229:tid 140131438193600] mod_wsgi (pid=17229): Exiting process 'ecomap'.
[Tue Sep 10 15:19:59.858292 2019] [wsgi:debug] [pid 17232:tid 140131322136320] src/server/mod_wsgi.c(8889): mod_wsgi (pid=17232): Exiting thread 0 in daemon process 'ecomap'.
[Tue Sep 10 15:19:59.867315 2019] [wsgi:info] [pid 17232:tid 140131438193600] mod_wsgi (pid=17232): Python has shutdown.
[Tue Sep 10 15:19:59.867344 2019] [wsgi:info] [pid 17232:tid 140131438193600] mod_wsgi (pid=17232): Exiting process 'ecomap'.
[Tue Sep 10 15:20:00.036295 2019] [wsgi:info] [pid 17517:tid 140201811491776] mod_wsgi (pid=17517): Attach interpreter ''.
[Tue Sep 10 15:20:00.043043 2019] [wsgi:info] [pid 17520:tid 140201811491776] mod_wsgi (pid=17520): Attach interpreter ''.
[Tue Sep 10 15:20:00.044114 2019] [wsgi:info] [pid 17521:tid 140201811491776] mod_wsgi (pid=17521): Attach interpreter ''.
[Tue Sep 10 15:20:00.044592 2019] [wsgi:info] [pid 17519:tid 140201811491776] mod_wsgi (pid=17519): Attach interpreter ''.
[Tue Sep 10 15:20:00.044913 2019] [wsgi:info] [pid 17518:tid 140201811491776] mod_wsgi (pid=17518): Attach interpreter ''.
[Tue Sep 10 15:20:00.051450 2019] [wsgi:debug] [pid 17517:tid 140201687049984] src/server/mod_wsgi.c(8908): mod_wsgi (pid=17517): Started thread 1 in daemon process 'ecomap'.
[Tue Sep 10 15:20:00.051517 2019] [wsgi:debug] [pid 17517:tid 140201678657280] src/server/mod_wsgi.c(8908): mod_wsgi (pid=17517): Started thread 2 in daemon process 'ecomap'.
[Tue Sep 10 15:20:00.051535 2019] [wsgi:debug] [pid 17517:tid 140201670264576] src/server/mod_wsgi.c(8908): mod_wsgi (pid=17517): Started thread 3 in daemon process 'ecomap'.
[Tue Sep 10 15:20:00.051549 2019] [wsgi:debug] [pid 17517:tid 140201661871872] src/server/mod_wsgi.c(8908): mod_wsgi (pid=17517): Started thread 4 in daemon process 'ecomap'.
[Tue Sep 10 15:20:00.051562 2019] [wsgi:debug] [pid 17517:tid 140201695442688] src/server/mod_wsgi.c(8908): mod_wsgi (pid=17517): Started thread 0 in daemon process 'ecomap'.
[Tue Sep 10 15:20:00.051600 2019] [wsgi:debug] [pid 17521:tid 140201695442688] src/server/mod_wsgi.c(8908): mod_wsgi (pid=17521): Started thread 0 in daemon process 'ecomap'.
[Tue Sep 10 15:20:00.051621 2019] [wsgi:debug] [pid 17521:tid 140201687049984] src/server/mod_wsgi.c(8908): mod_wsgi (pid=17521): Started thread 1 in daemon process 'ecomap'.
[Tue Sep 10 15:20:00.051635 2019] [wsgi:debug] [pid 17521:tid 140201678657280] src/server/mod_wsgi.c(8908): mod_wsgi (pid=17521): Started thread 2 in daemon process 'ecomap'.
[Tue Sep 10 15:20:00.051648 2019] [wsgi:debug] [pid 17521:tid 140201670264576] src/server/mod_wsgi.c(8908): mod_wsgi (pid=17521): Started thread 3 in daemon process 'ecomap'.
[Tue Sep 10 15:20:00.051677 2019] [wsgi:debug] [pid 17519:tid 140201687049984] src/server/mod_wsgi.c(8908): mod_wsgi (pid=17519): Started thread 1 in daemon process 'ecomap'.
[Tue Sep 10 15:20:00.051696 2019] [wsgi:debug] [pid 17519:tid 140201661871872] src/server/mod_wsgi.c(8908): mod_wsgi (pid=17519): Started thread 4 in daemon process 'ecomap'.
[Tue Sep 10 15:20:00.051724 2019] [wsgi:debug] [pid 17519:tid 140201670264576] src/server/mod_wsgi.c(8908): mod_wsgi (pid=17519): Started thread 3 in daemon process 'ecomap'.
[Tue Sep 10 15:20:00.051755 2019] [wsgi:debug] [pid 17521:tid 140201661871872] src/server/mod_wsgi.c(8908): mod_wsgi (pid=17521): Started thread 4 in daemon process 'ecomap'.
[Tue Sep 10 15:20:00.051778 2019] [wsgi:debug] [pid 17519:tid 140201695442688] src/server/mod_wsgi.c(8908): mod_wsgi (pid=17519): Started thread 0 in daemon process 'ecomap'.
[Tue Sep 10 15:20:00.051792 2019] [wsgi:debug] [pid 17519:tid 140201678657280] src/server/mod_wsgi.c(8908): mod_wsgi (pid=17519): Started thread 2 in daemon process 'ecomap'.
[Tue Sep 10 15:20:00.051815 2019] [wsgi:debug] [pid 17518:tid 140201695442688] src/server/mod_wsgi.c(8908): mod_wsgi (pid=17518): Started thread 0 in daemon process 'ecomap'.
[Tue Sep 10 15:20:00.051833 2019] [wsgi:debug] [pid 17518:tid 140201687049984] src/server/mod_wsgi.c(8908): mod_wsgi (pid=17518): Started thread 1 in daemon process 'ecomap'.
[Tue Sep 10 15:20:00.051848 2019] [wsgi:debug] [pid 17518:tid 140201670264576] src/server/mod_wsgi.c(8908): mod_wsgi (pid=17518): Started thread 3 in daemon process 'ecomap'.
[Tue Sep 10 15:20:00.051864 2019] [wsgi:debug] [pid 17518:tid 140201678657280] src/server/mod_wsgi.c(8908): mod_wsgi (pid=17518): Started thread 2 in daemon process 'ecomap'.
[Tue Sep 10 15:20:00.051878 2019] [wsgi:debug] [pid 17518:tid 140201661871872] src/server/mod_wsgi.c(8908): mod_wsgi (pid=17518): Started thread 4 in daemon process 'ecomap'.
[Tue Sep 10 15:20:00.052657 2019] [wsgi:debug] [pid 17520:tid 140201695442688] src/server/mod_wsgi.c(8908): mod_wsgi (pid=17520): Started thread 0 in daemon process 'ecomap'.
[Tue Sep 10 15:20:00.052682 2019] [wsgi:debug] [pid 17520:tid 140201687049984] src/server/mod_wsgi.c(8908): mod_wsgi (pid=17520): Started thread 1 in daemon process 'ecomap'.
[Tue Sep 10 15:20:00.052700 2019] [wsgi:debug] [pid 17520:tid 140201678657280] src/server/mod_wsgi.c(8908): mod_wsgi (pid=17520): Started thread 2 in daemon process 'ecomap'.
[Tue Sep 10 15:20:00.052715 2019] [wsgi:debug] [pid 17520:tid 140201670264576] src/server/mod_wsgi.c(8908): mod_wsgi (pid=17520): Started thread 3 in daemon process 'ecomap'.
[Tue Sep 10 15:20:00.052738 2019] [wsgi:debug] [pid 17520:tid 140201661871872] src/server/mod_wsgi.c(8908): mod_wsgi (pid=17520): Started thread 4 in daemon process 'ecomap'.
[Tue Sep 10 15:20:15.444448 2019] [authz_core:debug] [pid 17523:tid 140201703835392] mod_authz_core.c(809): [client 127.0.0.1:43430] AH01626: authorization result of Require all granted: granted
[Tue Sep 10 15:20:15.444564 2019] [authz_core:debug] [pid 17523:tid 140201703835392] mod_authz_core.c(809): [client 127.0.0.1:43430] AH01626: authorization result of <RequireAny>: granted
[Tue Sep 10 15:20:15.444628 2019] [authz_core:debug] [pid 17523:tid 140201703835392] mod_authz_core.c(809): [client 127.0.0.1:43430] AH01626: authorization result of Require all granted: granted
[Tue Sep 10 15:20:15.444636 2019] [authz_core:debug] [pid 17523:tid 140201703835392] mod_authz_core.c(809): [client 127.0.0.1:43430] AH01626: authorization result of <RequireAny>: granted
[Tue Sep 10 15:35:39.917663 2019] [wsgi:info] [pid 17517:tid 140201811491776] mod_wsgi (pid=17517): Shutdown requested 'ecomap'.
[Tue Sep 10 15:35:39.917891 2019] [wsgi:info] [pid 17517:tid 140201811491776] mod_wsgi (pid=17517): Stopping process 'ecomap'.
[Tue Sep 10 15:35:39.917906 2019] [wsgi:info] [pid 17517:tid 140201811491776] mod_wsgi (pid=17517): Destroying interpreters.
[Tue Sep 10 15:35:39.917914 2019] [wsgi:info] [pid 17517:tid 140201811491776] mod_wsgi (pid=17517): Cleanup interpreter ''.
[Tue Sep 10 15:35:39.918209 2019] [wsgi:info] [pid 17517:tid 140201811491776] mod_wsgi (pid=17517): Terminating Python.
[Tue Sep 10 15:35:39.921739 2019] [wsgi:debug] [pid 17517:tid 140201687049984] src/server/mod_wsgi.c(8889): mod_wsgi (pid=17517): Exiting thread 1 in daemon process 'ecomap'.
[Tue Sep 10 15:35:39.921979 2019] [wsgi:debug] [pid 17517:tid 140201661871872] src/server/mod_wsgi.c(8889): mod_wsgi (pid=17517): Exiting thread 4 in daemon process 'ecomap'.
[Tue Sep 10 15:35:39.922030 2019] [wsgi:debug] [pid 17517:tid 140201678657280] src/server/mod_wsgi.c(8889): mod_wsgi (pid=17517): Exiting thread 2 in daemon process 'ecomap'.
[Tue Sep 10 15:35:39.922064 2019] [wsgi:debug] [pid 17517:tid 140201670264576] src/server/mod_wsgi.c(8889): mod_wsgi (pid=17517): Exiting thread 3 in daemon process 'ecomap'.
[Tue Sep 10 15:35:39.917751 2019] [wsgi:info] [pid 17519:tid 140201811491776] mod_wsgi (pid=17519): Shutdown requested 'ecomap'.
[Tue Sep 10 15:35:39.922146 2019] [wsgi:info] [pid 17519:tid 140201811491776] mod_wsgi (pid=17519): Stopping process 'ecomap'.
[Tue Sep 10 15:35:39.922157 2019] [wsgi:info] [pid 17519:tid 140201811491776] mod_wsgi (pid=17519): Destroying interpreters.
[Tue Sep 10 15:35:39.922163 2019] [wsgi:info] [pid 17519:tid 140201811491776] mod_wsgi (pid=17519): Cleanup interpreter ''.
[Tue Sep 10 15:35:39.923885 2019] [wsgi:info] [pid 17519:tid 140201811491776] mod_wsgi (pid=17519): Terminating Python.
[Tue Sep 10 15:35:39.925529 2019] [wsgi:info] [pid 17519:tid 140201811491776] mod_wsgi (pid=17519): Python has shutdown.
[Tue Sep 10 15:35:39.925545 2019] [wsgi:info] [pid 17519:tid 140201811491776] mod_wsgi (pid=17519): Exiting process 'ecomap'.
[Tue Sep 10 15:35:39.925822 2019] [wsgi:debug] [pid 17519:tid 140201678657280] src/server/mod_wsgi.c(8889): mod_wsgi (pid=17519): Exiting thread 2 in daemon process 'ecomap'.
[Tue Sep 10 15:35:39.926017 2019] [wsgi:debug] [pid 17519:tid 140201695442688] src/server/mod_wsgi.c(8889): mod_wsgi (pid=17519): Exiting thread 0 in daemon process 'ecomap'.
[Tue Sep 10 15:35:39.926059 2019] [wsgi:debug] [pid 17519:tid 140201661871872] src/server/mod_wsgi.c(8889): mod_wsgi (pid=17519): Exiting thread 4 in daemon process 'ecomap'.
[Tue Sep 10 15:35:39.926088 2019] [wsgi:debug] [pid 17519:tid 140201670264576] src/server/mod_wsgi.c(8889): mod_wsgi (pid=17519): Exiting thread 3 in daemon process 'ecomap'.
[Tue Sep 10 15:35:39.917776 2019] [wsgi:info] [pid 17520:tid 140201811491776] mod_wsgi (pid=17520): Shutdown requested 'ecomap'.
[Tue Sep 10 15:35:39.926171 2019] [wsgi:info] [pid 17520:tid 140201811491776] mod_wsgi (pid=17520): Stopping process 'ecomap'.
[Tue Sep 10 15:35:39.926192 2019] [wsgi:info] [pid 17520:tid 140201811491776] mod_wsgi (pid=17520): Destroying interpreters.
[Tue Sep 10 15:35:39.926197 2019] [wsgi:info] [pid 17520:tid 140201811491776] mod_wsgi (pid=17520): Cleanup interpreter ''.
[Tue Sep 10 15:35:39.927891 2019] [wsgi:info] [pid 17520:tid 140201811491776] mod_wsgi (pid=17520): Terminating Python.
[Tue Sep 10 15:35:39.929548 2019] [wsgi:info] [pid 17520:tid 140201811491776] mod_wsgi (pid=17520): Python has shutdown.
[Tue Sep 10 15:35:39.929572 2019] [wsgi:info] [pid 17520:tid 140201811491776] mod_wsgi (pid=17520): Exiting process 'ecomap'.
[Tue Sep 10 15:35:39.929791 2019] [wsgi:debug] [pid 17520:tid 140201661871872] src/server/mod_wsgi.c(8889): mod_wsgi (pid=17520): Exiting thread 4 in daemon process 'ecomap'.
[Tue Sep 10 15:35:39.929834 2019] [wsgi:debug] [pid 17520:tid 140201670264576] src/server/mod_wsgi.c(8889): mod_wsgi (pid=17520): Exiting thread 3 in daemon process 'ecomap'.
[Tue Sep 10 15:35:39.929847 2019] [wsgi:debug] [pid 17520:tid 140201678657280] src/server/mod_wsgi.c(8889): mod_wsgi (pid=17520): Exiting thread 2 in daemon process 'ecomap'.
[Tue Sep 10 15:35:39.929857 2019] [wsgi:debug] [pid 17520:tid 140201687049984] src/server/mod_wsgi.c(8889): mod_wsgi (pid=17520): Exiting thread 1 in daemon process 'ecomap'.
[Tue Sep 10 15:35:39.917800 2019] [wsgi:info] [pid 17521:tid 140201811491776] mod_wsgi (pid=17521): Shutdown requested 'ecomap'.
[Tue Sep 10 15:35:39.929942 2019] [wsgi:info] [pid 17521:tid 140201811491776] mod_wsgi (pid=17521): Stopping process 'ecomap'.
[Tue Sep 10 15:35:39.929954 2019] [wsgi:info] [pid 17521:tid 140201811491776] mod_wsgi (pid=17521): Destroying interpreters.
[Tue Sep 10 15:35:39.929960 2019] [wsgi:info] [pid 17521:tid 140201811491776] mod_wsgi (pid=17521): Cleanup interpreter ''.
[Tue Sep 10 15:35:39.931726 2019] [wsgi:info] [pid 17521:tid 140201811491776] mod_wsgi (pid=17521): Terminating Python.
[Tue Sep 10 15:35:39.933408 2019] [wsgi:info] [pid 17521:tid 140201811491776] mod_wsgi (pid=17521): Python has shutdown.
[Tue Sep 10 15:35:39.933430 2019] [wsgi:info] [pid 17521:tid 140201811491776] mod_wsgi (pid=17521): Exiting process 'ecomap'.
[Tue Sep 10 15:35:39.917820 2019] [wsgi:info] [pid 17518:tid 140201811491776] mod_wsgi (pid=17518): Shutdown requested 'ecomap'.
[Tue Sep 10 15:35:39.933889 2019] [wsgi:info] [pid 17518:tid 140201811491776] mod_wsgi (pid=17518): Stopping process 'ecomap'.
[Tue Sep 10 15:35:39.933902 2019] [wsgi:info] [pid 17518:tid 140201811491776] mod_wsgi (pid=17518): Destroying interpreters.
[Tue Sep 10 15:35:39.933908 2019] [wsgi:info] [pid 17518:tid 140201811491776] mod_wsgi (pid=17518): Cleanup interpreter ''.
[Tue Sep 10 15:35:39.935641 2019] [wsgi:info] [pid 17518:tid 140201811491776] mod_wsgi (pid=17518): Terminating Python.
[Tue Sep 10 15:35:39.937284 2019] [wsgi:info] [pid 17518:tid 140201811491776] mod_wsgi (pid=17518): Python has shutdown.
[Tue Sep 10 15:35:39.937305 2019] [wsgi:info] [pid 17518:tid 140201811491776] mod_wsgi (pid=17518): Exiting process 'ecomap'.
[Tue Sep 10 15:35:39.951415 2019] [wsgi:info] [pid 17517:tid 140201811491776] mod_wsgi (pid=17517): Python has shutdown.
[Tue Sep 10 15:35:39.951456 2019] [wsgi:info] [pid 17517:tid 140201811491776] mod_wsgi (pid=17517): Exiting process 'ecomap'.
[Tue Sep 10 15:35:40.121025 2019] [wsgi:info] [pid 18837:tid 139984096590784] mod_wsgi (pid=18837): Attach interpreter ''.
[Tue Sep 10 15:35:40.123984 2019] [wsgi:info] [pid 18838:tid 139984096590784] mod_wsgi (pid=18838): Attach interpreter ''.
[Tue Sep 10 15:35:40.125338 2019] [wsgi:info] [pid 18841:tid 139984096590784] mod_wsgi (pid=18841): Attach interpreter ''.
[Tue Sep 10 15:35:40.126331 2019] [wsgi:info] [pid 18840:tid 139984096590784] mod_wsgi (pid=18840): Attach interpreter ''.
[Tue Sep 10 15:35:40.129663 2019] [wsgi:info] [pid 18839:tid 139984096590784] mod_wsgi (pid=18839): Attach interpreter ''.
[Tue Sep 10 15:35:40.136094 2019] [wsgi:debug] [pid 18839:tid 139983946970880] src/server/mod_wsgi.c(8908): mod_wsgi (pid=18839): Started thread 4 in daemon process 'ecomap'.
[Tue Sep 10 15:35:40.136148 2019] [wsgi:debug] [pid 18841:tid 139983972148992] src/server/mod_wsgi.c(8908): mod_wsgi (pid=18841): Started thread 1 in daemon process 'ecomap'.
[Tue Sep 10 15:35:40.136165 2019] [wsgi:debug] [pid 18841:tid 139983963756288] src/server/mod_wsgi.c(8908): mod_wsgi (pid=18841): Started thread 2 in daemon process 'ecomap'.
[Tue Sep 10 15:35:40.136180 2019] [wsgi:debug] [pid 18841:tid 139983955363584] src/server/mod_wsgi.c(8908): mod_wsgi (pid=18841): Started thread 3 in daemon process 'ecomap'.
[Tue Sep 10 15:35:40.136192 2019] [wsgi:debug] [pid 18841:tid 139983946970880] src/server/mod_wsgi.c(8908): mod_wsgi (pid=18841): Started thread 4 in daemon process 'ecomap'.
[Tue Sep 10 15:35:40.136216 2019] [wsgi:debug] [pid 18840:tid 139983963756288] src/server/mod_wsgi.c(8908): mod_wsgi (pid=18840): Started thread 2 in daemon process 'ecomap'.
[Tue Sep 10 15:35:40.136237 2019] [wsgi:debug] [pid 18839:tid 139983980541696] src/server/mod_wsgi.c(8908): mod_wsgi (pid=18839): Started thread 0 in daemon process 'ecomap'.
[Tue Sep 10 15:35:40.136255 2019] [wsgi:debug] [pid 18838:tid 139983980541696] src/server/mod_wsgi.c(8908): mod_wsgi (pid=18838): Started thread 0 in daemon process 'ecomap'.
[Tue Sep 10 15:35:40.136269 2019] [wsgi:debug] [pid 18838:tid 139983972148992] src/server/mod_wsgi.c(8908): mod_wsgi (pid=18838): Started thread 1 in daemon process 'ecomap'.
[Tue Sep 10 15:35:40.136291 2019] [wsgi:debug] [pid 18840:tid 139983946970880] src/server/mod_wsgi.c(8908): mod_wsgi (pid=18840): Started thread 4 in daemon process 'ecomap'.
[Tue Sep 10 15:35:40.136313 2019] [wsgi:debug] [pid 18838:tid 139983963756288] src/server/mod_wsgi.c(8908): mod_wsgi (pid=18838): Started thread 2 in daemon process 'ecomap'.
[Tue Sep 10 15:35:40.136327 2019] [wsgi:debug] [pid 18838:tid 139983955363584] src/server/mod_wsgi.c(8908): mod_wsgi (pid=18838): Started thread 3 in daemon process 'ecomap'.
[Tue Sep 10 15:35:40.136339 2019] [wsgi:debug] [pid 18838:tid 139983946970880] src/server/mod_wsgi.c(8908): mod_wsgi (pid=18838): Started thread 4 in daemon process 'ecomap'.
[Tue Sep 10 15:35:40.136361 2019] [wsgi:debug] [pid 18841:tid 139983980541696] src/server/mod_wsgi.c(8908): mod_wsgi (pid=18841): Started thread 0 in daemon process 'ecomap'.
[Tue Sep 10 15:35:40.136380 2019] [wsgi:debug] [pid 18840:tid 139983980541696] src/server/mod_wsgi.c(8908): mod_wsgi (pid=18840): Started thread 0 in daemon process 'ecomap'.
[Tue Sep 10 15:35:40.136393 2019] [wsgi:debug] [pid 18840:tid 139983972148992] src/server/mod_wsgi.c(8908): mod_wsgi (pid=18840): Started thread 1 in daemon process 'ecomap'.
[Tue Sep 10 15:35:40.136404 2019] [wsgi:debug] [pid 18840:tid 139983955363584] src/server/mod_wsgi.c(8908): mod_wsgi (pid=18840): Started thread 3 in daemon process 'ecomap'.
[Tue Sep 10 15:35:40.136418 2019] [wsgi:debug] [pid 18839:tid 139983972148992] src/server/mod_wsgi.c(8908): mod_wsgi (pid=18839): Started thread 1 in daemon process 'ecomap'.
[Tue Sep 10 15:35:40.136433 2019] [wsgi:debug] [pid 18839:tid 139983963756288] src/server/mod_wsgi.c(8908): mod_wsgi (pid=18839): Started thread 2 in daemon process 'ecomap'.
[Tue Sep 10 15:35:40.136445 2019] [wsgi:debug] [pid 18839:tid 139983955363584] src/server/mod_wsgi.c(8908): mod_wsgi (pid=18839): Started thread 3 in daemon process 'ecomap'.
[Tue Sep 10 15:35:40.136476 2019] [wsgi:debug] [pid 18837:tid 139983980541696] src/server/mod_wsgi.c(8908): mod_wsgi (pid=18837): Started thread 0 in daemon process 'ecomap'.
[Tue Sep 10 15:35:40.136494 2019] [wsgi:debug] [pid 18837:tid 139983972148992] src/server/mod_wsgi.c(8908): mod_wsgi (pid=18837): Started thread 1 in daemon process 'ecomap'.
[Tue Sep 10 15:35:40.136507 2019] [wsgi:debug] [pid 18837:tid 139983963756288] src/server/mod_wsgi.c(8908): mod_wsgi (pid=18837): Started thread 2 in daemon process 'ecomap'.
[Tue Sep 10 15:35:40.136518 2019] [wsgi:debug] [pid 18837:tid 139983955363584] src/server/mod_wsgi.c(8908): mod_wsgi (pid=18837): Started thread 3 in daemon process 'ecomap'.
[Tue Sep 10 15:35:40.136534 2019] [wsgi:debug] [pid 18837:tid 139983946970880] src/server/mod_wsgi.c(8908): mod_wsgi (pid=18837): Started thread 4 in daemon process 'ecomap'.
[Tue Sep 10 15:35:57.043733 2019] [authz_core:debug] [pid 18842:tid 139983988934400] mod_authz_core.c(809): [client 127.0.0.1:43446] AH01626: authorization result of Require all granted: granted
[Tue Sep 10 15:35:57.043847 2019] [authz_core:debug] [pid 18842:tid 139983988934400] mod_authz_core.c(809): [client 127.0.0.1:43446] AH01626: authorization result of <RequireAny>: granted
[Tue Sep 10 15:35:57.043911 2019] [authz_core:debug] [pid 18842:tid 139983988934400] mod_authz_core.c(809): [client 127.0.0.1:43446] AH01626: authorization result of Require all granted: granted
[Tue Sep 10 15:35:57.043919 2019] [authz_core:debug] [pid 18842:tid 139983988934400] mod_authz_core.c(809): [client 127.0.0.1:43446] AH01626: authorization result of <RequireAny>: granted
[Tue Sep 10 16:00:36.350678 2019] [wsgi:info] [pid 18841:tid 139984096590784] mod_wsgi (pid=18841): Shutdown requested 'ecomap'.
[Tue Sep 10 16:00:36.353802 2019] [wsgi:info] [pid 18841:tid 139984096590784] mod_wsgi (pid=18841): Stopping process 'ecomap'.
[Tue Sep 10 16:00:36.353818 2019] [wsgi:info] [pid 18841:tid 139984096590784] mod_wsgi (pid=18841): Destroying interpreters.
[Tue Sep 10 16:00:36.353825 2019] [wsgi:info] [pid 18841:tid 139984096590784] mod_wsgi (pid=18841): Cleanup interpreter ''.
[Tue Sep 10 16:00:36.355488 2019] [wsgi:info] [pid 18841:tid 139984096590784] mod_wsgi (pid=18841): Terminating Python.
[Tue Sep 10 16:00:36.357092 2019] [wsgi:info] [pid 18841:tid 139984096590784] mod_wsgi (pid=18841): Python has shutdown.
[Tue Sep 10 16:00:36.357108 2019] [wsgi:info] [pid 18841:tid 139984096590784] mod_wsgi (pid=18841): Exiting process 'ecomap'.
[Tue Sep 10 16:00:36.350724 2019] [wsgi:info] [pid 18840:tid 139984096590784] mod_wsgi (pid=18840): Shutdown requested 'ecomap'.
[Tue Sep 10 16:00:36.357445 2019] [wsgi:info] [pid 18840:tid 139984096590784] mod_wsgi (pid=18840): Stopping process 'ecomap'.
[Tue Sep 10 16:00:36.357456 2019] [wsgi:info] [pid 18840:tid 139984096590784] mod_wsgi (pid=18840): Destroying interpreters.
[Tue Sep 10 16:00:36.357462 2019] [wsgi:info] [pid 18840:tid 139984096590784] mod_wsgi (pid=18840): Cleanup interpreter ''.
[Tue Sep 10 16:00:36.357771 2019] [wsgi:debug] [pid 18840:tid 139983955363584] src/server/mod_wsgi.c(8889): mod_wsgi (pid=18840): Exiting thread 3 in daemon process 'ecomap'.
[Tue Sep 10 16:00:36.357958 2019] [wsgi:debug] [pid 18840:tid 139983972148992] src/server/mod_wsgi.c(8889): mod_wsgi (pid=18840): Exiting thread 1 in daemon process 'ecomap'.
[Tue Sep 10 16:00:36.357997 2019] [wsgi:debug] [pid 18840:tid 139983946970880] src/server/mod_wsgi.c(8889): mod_wsgi (pid=18840): Exiting thread 4 in daemon process 'ecomap'.
[Tue Sep 10 16:00:36.358027 2019] [wsgi:debug] [pid 18840:tid 139983980541696] src/server/mod_wsgi.c(8889): mod_wsgi (pid=18840): Exiting thread 0 in daemon process 'ecomap'.
[Tue Sep 10 16:00:36.350753 2019] [wsgi:info] [pid 18839:tid 139984096590784] mod_wsgi (pid=18839): Shutdown requested 'ecomap'.
[Tue Sep 10 16:00:36.358106 2019] [wsgi:info] [pid 18839:tid 139984096590784] mod_wsgi (pid=18839): Stopping process 'ecomap'.
[Tue Sep 10 16:00:36.358117 2019] [wsgi:info] [pid 18839:tid 139984096590784] mod_wsgi (pid=18839): Destroying interpreters.
[Tue Sep 10 16:00:36.358125 2019] [wsgi:info] [pid 18839:tid 139984096590784] mod_wsgi (pid=18839): Cleanup interpreter ''.
[Tue Sep 10 16:00:36.358403 2019] [wsgi:info] [pid 18839:tid 139984096590784] mod_wsgi (pid=18839): Terminating Python.
[Tue Sep 10 16:00:36.361741 2019] [wsgi:debug] [pid 18839:tid 139983946970880] src/server/mod_wsgi.c(8889): mod_wsgi (pid=18839): Exiting thread 4 in daemon process 'ecomap'.
[Tue Sep 10 16:00:36.361961 2019] [wsgi:debug] [pid 18839:tid 139983963756288] src/server/mod_wsgi.c(8889): mod_wsgi (pid=18839): Exiting thread 2 in daemon process 'ecomap'.
[Tue Sep 10 16:00:36.362011 2019] [wsgi:debug] [pid 18839:tid 139983980541696] src/server/mod_wsgi.c(8889): mod_wsgi (pid=18839): Exiting thread 0 in daemon process 'ecomap'.
[Tue Sep 10 16:00:36.362062 2019] [wsgi:debug] [pid 18839:tid 139983972148992] src/server/mod_wsgi.c(8889): mod_wsgi (pid=18839): Exiting thread 1 in daemon process 'ecomap'.
[Tue Sep 10 16:00:36.350777 2019] [wsgi:info] [pid 18838:tid 139984096590784] mod_wsgi (pid=18838): Shutdown requested 'ecomap'.
[Tue Sep 10 16:00:36.362148 2019] [wsgi:info] [pid 18838:tid 139984096590784] mod_wsgi (pid=18838): Stopping process 'ecomap'.
[Tue Sep 10 16:00:36.362159 2019] [wsgi:info] [pid 18838:tid 139984096590784] mod_wsgi (pid=18838): Destroying interpreters.
[Tue Sep 10 16:00:36.362165 2019] [wsgi:info] [pid 18838:tid 139984096590784] mod_wsgi (pid=18838): Cleanup interpreter ''.
[Tue Sep 10 16:00:36.363852 2019] [wsgi:info] [pid 18838:tid 139984096590784] mod_wsgi (pid=18838): Terminating Python.
[Tue Sep 10 16:00:36.365448 2019] [wsgi:info] [pid 18838:tid 139984096590784] mod_wsgi (pid=18838): Python has shutdown.
[Tue Sep 10 16:00:36.365462 2019] [wsgi:info] [pid 18838:tid 139984096590784] mod_wsgi (pid=18838): Exiting process 'ecomap'.
[Tue Sep 10 16:00:36.350800 2019] [wsgi:info] [pid 18837:tid 139984096590784] mod_wsgi (pid=18837): Shutdown requested 'ecomap'.
[Tue Sep 10 16:00:36.365828 2019] [wsgi:info] [pid 18837:tid 139984096590784] mod_wsgi (pid=18837): Stopping process 'ecomap'.
[Tue Sep 10 16:00:36.365842 2019] [wsgi:info] [pid 18837:tid 139984096590784] mod_wsgi (pid=18837): Destroying interpreters.
[Tue Sep 10 16:00:36.365847 2019] [wsgi:info] [pid 18837:tid 139984096590784] mod_wsgi (pid=18837): Cleanup interpreter ''.
[Tue Sep 10 16:00:36.367524 2019] [wsgi:info] [pid 18837:tid 139984096590784] mod_wsgi (pid=18837): Terminating Python.
[Tue Sep 10 16:00:36.369116 2019] [wsgi:info] [pid 18837:tid 139984096590784] mod_wsgi (pid=18837): Python has shutdown.
[Tue Sep 10 16:00:36.369130 2019] [wsgi:info] [pid 18837:tid 139984096590784] mod_wsgi (pid=18837): Exiting process 'ecomap'.
[Tue Sep 10 16:00:36.375295 2019] [wsgi:info] [pid 18840:tid 139984096590784] mod_wsgi (pid=18840): Terminating Python.
[Tue Sep 10 16:00:36.376920 2019] [wsgi:info] [pid 18840:tid 139984096590784] mod_wsgi (pid=18840): Python has shutdown.
[Tue Sep 10 16:00:36.376935 2019] [wsgi:info] [pid 18840:tid 139984096590784] mod_wsgi (pid=18840): Exiting process 'ecomap'.
[Tue Sep 10 16:00:36.395858 2019] [wsgi:info] [pid 18839:tid 139984096590784] mod_wsgi (pid=18839): Python has shutdown.
[Tue Sep 10 16:00:36.395887 2019] [wsgi:info] [pid 18839:tid 139984096590784] mod_wsgi (pid=18839): Exiting process 'ecomap'.
[Tue Sep 10 16:00:36.463179 2019] [wsgi:info] [pid 18981:tid 139984096590784] mod_wsgi (pid=18981): Attach interpreter ''.
[Tue Sep 10 16:00:36.464508 2019] [wsgi:info] [pid 18980:tid 139984096590784] mod_wsgi (pid=18980): Attach interpreter ''.
[Tue Sep 10 16:00:36.468066 2019] [wsgi:info] [pid 18982:tid 139984096590784] mod_wsgi (pid=18982): Attach interpreter ''.
[Tue Sep 10 16:00:36.472009 2019] [wsgi:info] [pid 18978:tid 139984096590784] mod_wsgi (pid=18978): Attach interpreter ''.
[Tue Sep 10 16:00:36.469318 2019] [wsgi:info] [pid 18979:tid 139984096590784] mod_wsgi (pid=18979): Attach interpreter ''.
[Tue Sep 10 16:00:36.473524 2019] [wsgi:debug] [pid 18981:tid 139983980541696] src/server/mod_wsgi.c(8908): mod_wsgi (pid=18981): Started thread 0 in daemon process 'ecomap'.
[Tue Sep 10 16:00:36.473563 2019] [wsgi:debug] [pid 18981:tid 139983972148992] src/server/mod_wsgi.c(8908): mod_wsgi (pid=18981): Started thread 1 in daemon process 'ecomap'.
[Tue Sep 10 16:00:36.473579 2019] [wsgi:debug] [pid 18981:tid 139983963756288] src/server/mod_wsgi.c(8908): mod_wsgi (pid=18981): Started thread 2 in daemon process 'ecomap'.
[Tue Sep 10 16:00:36.473591 2019] [wsgi:debug] [pid 18981:tid 139983955363584] src/server/mod_wsgi.c(8908): mod_wsgi (pid=18981): Started thread 3 in daemon process 'ecomap'.
[Tue Sep 10 16:00:36.473603 2019] [wsgi:debug] [pid 18981:tid 139983946970880] src/server/mod_wsgi.c(8908): mod_wsgi (pid=18981): Started thread 4 in daemon process 'ecomap'.
[Tue Sep 10 16:00:36.473780 2019] [wsgi:debug] [pid 18980:tid 139983972148992] src/server/mod_wsgi.c(8908): mod_wsgi (pid=18980): Started thread 1 in daemon process 'ecomap'.
[Tue Sep 10 16:00:36.473801 2019] [wsgi:debug] [pid 18980:tid 139983963756288] src/server/mod_wsgi.c(8908): mod_wsgi (pid=18980): Started thread 2 in daemon process 'ecomap'.
[Tue Sep 10 16:00:36.473814 2019] [wsgi:debug] [pid 18980:tid 139983955363584] src/server/mod_wsgi.c(8908): mod_wsgi (pid=18980): Started thread 3 in daemon process 'ecomap'.
[Tue Sep 10 16:00:36.473827 2019] [wsgi:debug] [pid 18980:tid 139983946970880] src/server/mod_wsgi.c(8908): mod_wsgi (pid=18980): Started thread 4 in daemon process 'ecomap'.
[Tue Sep 10 16:00:36.473850 2019] [wsgi:debug] [pid 18980:tid 139983980541696] src/server/mod_wsgi.c(8908): mod_wsgi (pid=18980): Started thread 0 in daemon process 'ecomap'.
[Tue Sep 10 16:00:36.473883 2019] [wsgi:debug] [pid 18982:tid 139983980541696] src/server/mod_wsgi.c(8908): mod_wsgi (pid=18982): Started thread 0 in daemon process 'ecomap'.
[Tue Sep 10 16:00:36.474551 2019] [wsgi:debug] [pid 18982:tid 139983972148992] src/server/mod_wsgi.c(8908): mod_wsgi (pid=18982): Started thread 1 in daemon process 'ecomap'.
[Tue Sep 10 16:00:36.474573 2019] [wsgi:debug] [pid 18982:tid 139983963756288] src/server/mod_wsgi.c(8908): mod_wsgi (pid=18982): Started thread 2 in daemon process 'ecomap'.
[Tue Sep 10 16:00:36.474585 2019] [wsgi:debug] [pid 18982:tid 139983955363584] src/server/mod_wsgi.c(8908): mod_wsgi (pid=18982): Started thread 3 in daemon process 'ecomap'.
[Tue Sep 10 16:00:36.474596 2019] [wsgi:debug] [pid 18982:tid 139983946970880] src/server/mod_wsgi.c(8908): mod_wsgi (pid=18982): Started thread 4 in daemon process 'ecomap'.
[Tue Sep 10 16:00:36.474624 2019] [wsgi:debug] [pid 18979:tid 139983980541696] src/server/mod_wsgi.c(8908): mod_wsgi (pid=18979): Started thread 0 in daemon process 'ecomap'.
[Tue Sep 10 16:00:36.474639 2019] [wsgi:debug] [pid 18979:tid 139983955363584] src/server/mod_wsgi.c(8908): mod_wsgi (pid=18979): Started thread 3 in daemon process 'ecomap'.
[Tue Sep 10 16:00:36.474651 2019] [wsgi:debug] [pid 18979:tid 139983963756288] src/server/mod_wsgi.c(8908): mod_wsgi (pid=18979): Started thread 2 in daemon process 'ecomap'.
[Tue Sep 10 16:00:36.474665 2019] [wsgi:debug] [pid 18979:tid 139983946970880] src/server/mod_wsgi.c(8908): mod_wsgi (pid=18979): Started thread 4 in daemon process 'ecomap'.
[Tue Sep 10 16:00:36.474677 2019] [wsgi:debug] [pid 18979:tid 139983972148992] src/server/mod_wsgi.c(8908): mod_wsgi (pid=18979): Started thread 1 in daemon process 'ecomap'.
[Tue Sep 10 16:00:36.474764 2019] [wsgi:debug] [pid 18978:tid 139983980541696] src/server/mod_wsgi.c(8908): mod_wsgi (pid=18978): Started thread 0 in daemon process 'ecomap'.
[Tue Sep 10 16:00:36.474790 2019] [wsgi:debug] [pid 18978:tid 139983972148992] src/server/mod_wsgi.c(8908): mod_wsgi (pid=18978): Started thread 1 in daemon process 'ecomap'.
[Tue Sep 10 16:00:36.474821 2019] [wsgi:debug] [pid 18978:tid 139983963756288] src/server/mod_wsgi.c(8908): mod_wsgi (pid=18978): Started thread 2 in daemon process 'ecomap'.
[Tue Sep 10 16:00:36.474844 2019] [wsgi:debug] [pid 18978:tid 139983955363584] src/server/mod_wsgi.c(8908): mod_wsgi (pid=18978): Started thread 3 in daemon process 'ecomap'.
[Tue Sep 10 16:00:36.474882 2019] [wsgi:debug] [pid 18978:tid 139983946970880] src/server/mod_wsgi.c(8908): mod_wsgi (pid=18978): Started thread 4 in daemon process 'ecomap'.
[Tue Sep 10 16:00:56.846740 2019] [authz_core:debug] [pid 18984:tid 139983988934400] mod_authz_core.c(809): [client 127.0.0.1:43450] AH01626: authorization result of Require all granted: granted
[Tue Sep 10 16:00:56.846829 2019] [authz_core:debug] [pid 18984:tid 139983988934400] mod_authz_core.c(809): [client 127.0.0.1:43450] AH01626: authorization result of <RequireAny>: granted
[Tue Sep 10 16:00:56.846896 2019] [authz_core:debug] [pid 18984:tid 139983988934400] mod_authz_core.c(809): [client 127.0.0.1:43450] AH01626: authorization result of Require all granted: granted
[Tue Sep 10 16:00:56.846913 2019] [authz_core:debug] [pid 18984:tid 139983988934400] mod_authz_core.c(809): [client 127.0.0.1:43450] AH01626: authorization result of <RequireAny>: granted
[Tue Sep 10 16:08:06.338924 2019] [wsgi:info] [pid 18982:tid 139984096590784] mod_wsgi (pid=18982): Shutdown requested 'ecomap'.
[Tue Sep 10 16:08:06.341812 2019] [wsgi:info] [pid 18982:tid 139984096590784] mod_wsgi (pid=18982): Stopping process 'ecomap'.
[Tue Sep 10 16:08:06.341830 2019] [wsgi:info] [pid 18982:tid 139984096590784] mod_wsgi (pid=18982): Destroying interpreters.
[Tue Sep 10 16:08:06.341836 2019] [wsgi:info] [pid 18982:tid 139984096590784] mod_wsgi (pid=18982): Cleanup interpreter ''.
[Tue Sep 10 16:08:06.342064 2019] [wsgi:debug] [pid 18982:tid 139983946970880] src/server/mod_wsgi.c(8889): mod_wsgi (pid=18982): Exiting thread 4 in daemon process 'ecomap'.
[Tue Sep 10 16:08:06.342257 2019] [wsgi:debug] [pid 18982:tid 139983955363584] src/server/mod_wsgi.c(8889): mod_wsgi (pid=18982): Exiting thread 3 in daemon process 'ecomap'.
[Tue Sep 10 16:08:06.342298 2019] [wsgi:debug] [pid 18982:tid 139983972148992] src/server/mod_wsgi.c(8889): mod_wsgi (pid=18982): Exiting thread 1 in daemon process 'ecomap'.
[Tue Sep 10 16:08:06.342331 2019] [wsgi:debug] [pid 18982:tid 139983963756288] src/server/mod_wsgi.c(8889): mod_wsgi (pid=18982): Exiting thread 2 in daemon process 'ecomap'.
[Tue Sep 10 16:08:06.338985 2019] [wsgi:info] [pid 18981:tid 139984096590784] mod_wsgi (pid=18981): Shutdown requested 'ecomap'.
[Tue Sep 10 16:08:06.342411 2019] [wsgi:info] [pid 18981:tid 139984096590784] mod_wsgi (pid=18981): Stopping process 'ecomap'.
[Tue Sep 10 16:08:06.342421 2019] [wsgi:info] [pid 18981:tid 139984096590784] mod_wsgi (pid=18981): Destroying interpreters.
[Tue Sep 10 16:08:06.342428 2019] [wsgi:info] [pid 18981:tid 139984096590784] mod_wsgi (pid=18981): Cleanup interpreter ''.
[Tue Sep 10 16:08:06.342711 2019] [wsgi:info] [pid 18981:tid 139984096590784] mod_wsgi (pid=18981): Terminating Python.
[Tue Sep 10 16:08:06.345795 2019] [wsgi:debug] [pid 18981:tid 139983980541696] src/server/mod_wsgi.c(8889): mod_wsgi (pid=18981): Exiting thread 0 in daemon process 'ecomap'.
[Tue Sep 10 16:08:06.346025 2019] [wsgi:debug] [pid 18981:tid 139983955363584] src/server/mod_wsgi.c(8889): mod_wsgi (pid=18981): Exiting thread 3 in daemon process 'ecomap'.
[Tue Sep 10 16:08:06.346074 2019] [wsgi:debug] [pid 18981:tid 139983972148992] src/server/mod_wsgi.c(8889): mod_wsgi (pid=18981): Exiting thread 1 in daemon process 'ecomap'.
[Tue Sep 10 16:08:06.346109 2019] [wsgi:debug] [pid 18981:tid 139983963756288] src/server/mod_wsgi.c(8889): mod_wsgi (pid=18981): Exiting thread 2 in daemon process 'ecomap'.
[Tue Sep 10 16:08:06.339011 2019] [wsgi:info] [pid 18980:tid 139984096590784] mod_wsgi (pid=18980): Shutdown requested 'ecomap'.
[Tue Sep 10 16:08:06.346195 2019] [wsgi:info] [pid 18980:tid 139984096590784] mod_wsgi (pid=18980): Stopping process 'ecomap'.
[Tue Sep 10 16:08:06.346208 2019] [wsgi:info] [pid 18980:tid 139984096590784] mod_wsgi (pid=18980): Destroying interpreters.
[Tue Sep 10 16:08:06.346214 2019] [wsgi:info] [pid 18980:tid 139984096590784] mod_wsgi (pid=18980): Cleanup interpreter ''.
[Tue Sep 10 16:08:06.347900 2019] [wsgi:info] [pid 18980:tid 139984096590784] mod_wsgi (pid=18980): Terminating Python.
[Tue Sep 10 16:08:06.349479 2019] [wsgi:info] [pid 18980:tid 139984096590784] mod_wsgi (pid=18980): Python has shutdown.
[Tue Sep 10 16:08:06.349495 2019] [wsgi:info] [pid 18980:tid 139984096590784] mod_wsgi (pid=18980): Exiting process 'ecomap'.
[Tue Sep 10 16:08:06.349738 2019] [wsgi:debug] [pid 18980:tid 139983980541696] src/server/mod_wsgi.c(8889): mod_wsgi (pid=18980): Exiting thread 0 in daemon process 'ecomap'.
[Tue Sep 10 16:08:06.349916 2019] [wsgi:debug] [pid 18980:tid 139983946970880] src/server/mod_wsgi.c(8889): mod_wsgi (pid=18980): Exiting thread 4 in daemon process 'ecomap'.
[Tue Sep 10 16:08:06.349956 2019] [wsgi:debug] [pid 18980:tid 139983963756288] src/server/mod_wsgi.c(8889): mod_wsgi (pid=18980): Exiting thread 2 in daemon process 'ecomap'.
[Tue Sep 10 16:08:06.349999 2019] [wsgi:debug] [pid 18980:tid 139983955363584] src/server/mod_wsgi.c(8889): mod_wsgi (pid=18980): Exiting thread 3 in daemon process 'ecomap'.
[Tue Sep 10 16:08:06.339041 2019] [wsgi:info] [pid 18979:tid 139984096590784] mod_wsgi (pid=18979): Shutdown requested 'ecomap'.
[Tue Sep 10 16:08:06.350084 2019] [wsgi:info] [pid 18979:tid 139984096590784] mod_wsgi (pid=18979): Stopping process 'ecomap'.
[Tue Sep 10 16:08:06.350095 2019] [wsgi:info] [pid 18979:tid 139984096590784] mod_wsgi (pid=18979): Destroying interpreters.
[Tue Sep 10 16:08:06.350100 2019] [wsgi:info] [pid 18979:tid 139984096590784] mod_wsgi (pid=18979): Cleanup interpreter ''.
[Tue Sep 10 16:08:06.351754 2019] [wsgi:info] [pid 18979:tid 139984096590784] mod_wsgi (pid=18979): Terminating Python.
[Tue Sep 10 16:08:06.353348 2019] [wsgi:info] [pid 18979:tid 139984096590784] mod_wsgi (pid=18979): Python has shutdown.
[Tue Sep 10 16:08:06.353363 2019] [wsgi:info] [pid 18979:tid 139984096590784] mod_wsgi (pid=18979): Exiting process 'ecomap'.
[Tue Sep 10 16:08:06.339071 2019] [wsgi:info] [pid 18978:tid 139984096590784] mod_wsgi (pid=18978): Shutdown requested 'ecomap'.
[Tue Sep 10 16:08:06.353736 2019] [wsgi:debug] [pid 18978:tid 139983946970880] src/server/mod_wsgi.c(8889): mod_wsgi (pid=18978): Exiting thread 4 in daemon process 'ecomap'.
[Tue Sep 10 16:08:06.353908 2019] [wsgi:debug] [pid 18978:tid 139983955363584] src/server/mod_wsgi.c(8889): mod_wsgi (pid=18978): Exiting thread 3 in daemon process 'ecomap'.
[Tue Sep 10 16:08:06.357757 2019] [wsgi:info] [pid 18978:tid 139984096590784] mod_wsgi (pid=18978): Stopping process 'ecomap'.
[Tue Sep 10 16:08:06.357774 2019] [wsgi:info] [pid 18978:tid 139984096590784] mod_wsgi (pid=18978): Destroying interpreters.
[Tue Sep 10 16:08:06.357780 2019] [wsgi:info] [pid 18978:tid 139984096590784] mod_wsgi (pid=18978): Cleanup interpreter ''.
[Tue Sep 10 16:08:06.359435 2019] [wsgi:info] [pid 18978:tid 139984096590784] mod_wsgi (pid=18978): Terminating Python.
[Tue Sep 10 16:08:06.361006 2019] [wsgi:info] [pid 18978:tid 139984096590784] mod_wsgi (pid=18978): Python has shutdown.
[Tue Sep 10 16:08:06.361021 2019] [wsgi:info] [pid 18978:tid 139984096590784] mod_wsgi (pid=18978): Exiting process 'ecomap'.
[Tue Sep 10 16:08:06.363020 2019] [wsgi:info] [pid 18982:tid 139984096590784] mod_wsgi (pid=18982): Terminating Python.
[Tue Sep 10 16:08:06.364609 2019] [wsgi:info] [pid 18982:tid 139984096590784] mod_wsgi (pid=18982): Python has shutdown.
[Tue Sep 10 16:08:06.364625 2019] [wsgi:info] [pid 18982:tid 139984096590784] mod_wsgi (pid=18982): Exiting process 'ecomap'.
[Tue Sep 10 16:08:06.384669 2019] [wsgi:info] [pid 18981:tid 139984096590784] mod_wsgi (pid=18981): Python has shutdown.
[Tue Sep 10 16:08:06.384702 2019] [wsgi:info] [pid 18981:tid 139984096590784] mod_wsgi (pid=18981): Exiting process 'ecomap'.
[Tue Sep 10 16:08:06.497020 2019] [wsgi:info] [pid 19112:tid 139984096590784] mod_wsgi (pid=19112): Attach interpreter ''.
[Tue Sep 10 16:08:06.501299 2019] [wsgi:info] [pid 19110:tid 139984096590784] mod_wsgi (pid=19110): Attach interpreter ''.
[Tue Sep 10 16:08:06.502254 2019] [wsgi:info] [pid 19111:tid 139984096590784] mod_wsgi (pid=19111): Attach interpreter ''.
[Tue Sep 10 16:08:06.503049 2019] [wsgi:info] [pid 19109:tid 139984096590784] mod_wsgi (pid=19109): Attach interpreter ''.
[Tue Sep 10 16:08:06.507246 2019] [wsgi:debug] [pid 19110:tid 139983963756288] src/server/mod_wsgi.c(8908): mod_wsgi (pid=19110): Started thread 2 in daemon process 'ecomap'.
[Tue Sep 10 16:08:06.507286 2019] [wsgi:debug] [pid 19110:tid 139983955363584] src/server/mod_wsgi.c(8908): mod_wsgi (pid=19110): Started thread 3 in daemon process 'ecomap'.
[Tue Sep 10 16:08:06.507303 2019] [wsgi:debug] [pid 19110:tid 139983946970880] src/server/mod_wsgi.c(8908): mod_wsgi (pid=19110): Started thread 4 in daemon process 'ecomap'.
[Tue Sep 10 16:08:06.507320 2019] [wsgi:debug] [pid 19112:tid 139983972148992] src/server/mod_wsgi.c(8908): mod_wsgi (pid=19112): Started thread 1 in daemon process 'ecomap'.
[Tue Sep 10 16:08:06.507345 2019] [wsgi:debug] [pid 19112:tid 139983963756288] src/server/mod_wsgi.c(8908): mod_wsgi (pid=19112): Started thread 2 in daemon process 'ecomap'.
[Tue Sep 10 16:08:06.507366 2019] [wsgi:debug] [pid 19112:tid 139983955363584] src/server/mod_wsgi.c(8908): mod_wsgi (pid=19112): Started thread 3 in daemon process 'ecomap'.
[Tue Sep 10 16:08:06.507378 2019] [wsgi:debug] [pid 19112:tid 139983946970880] src/server/mod_wsgi.c(8908): mod_wsgi (pid=19112): Started thread 4 in daemon process 'ecomap'.
[Tue Sep 10 16:08:06.507395 2019] [wsgi:debug] [pid 19110:tid 139983980541696] src/server/mod_wsgi.c(8908): mod_wsgi (pid=19110): Started thread 0 in daemon process 'ecomap'.
[Tue Sep 10 16:08:06.507408 2019] [wsgi:debug] [pid 19110:tid 139983972148992] src/server/mod_wsgi.c(8908): mod_wsgi (pid=19110): Started thread 1 in daemon process 'ecomap'.
[Tue Sep 10 16:08:06.507420 2019] [wsgi:debug] [pid 19112:tid 139983980541696] src/server/mod_wsgi.c(8908): mod_wsgi (pid=19112): Started thread 0 in daemon process 'ecomap'.
[Tue Sep 10 16:08:06.507445 2019] [wsgi:debug] [pid 19111:tid 139983980541696] src/server/mod_wsgi.c(8908): mod_wsgi (pid=19111): Started thread 0 in daemon process 'ecomap'.
[Tue Sep 10 16:08:06.507463 2019] [wsgi:debug] [pid 19111:tid 139983972148992] src/server/mod_wsgi.c(8908): mod_wsgi (pid=19111): Started thread 1 in daemon process 'ecomap'.
[Tue Sep 10 16:08:06.507475 2019] [wsgi:debug] [pid 19111:tid 139983963756288] src/server/mod_wsgi.c(8908): mod_wsgi (pid=19111): Started thread 2 in daemon process 'ecomap'.
[Tue Sep 10 16:08:06.507487 2019] [wsgi:debug] [pid 19111:tid 139983955363584] src/server/mod_wsgi.c(8908): mod_wsgi (pid=19111): Started thread 3 in daemon process 'ecomap'.
[Tue Sep 10 16:08:06.507498 2019] [wsgi:debug] [pid 19111:tid 139983946970880] src/server/mod_wsgi.c(8908): mod_wsgi (pid=19111): Started thread 4 in daemon process 'ecomap'.
[Tue Sep 10 16:08:06.504850 2019] [wsgi:info] [pid 19108:tid 139984096590784] mod_wsgi (pid=19108): Attach interpreter ''.
[Tue Sep 10 16:08:06.508821 2019] [wsgi:debug] [pid 19109:tid 139983980541696] src/server/mod_wsgi.c(8908): mod_wsgi (pid=19109): Started thread 0 in daemon process 'ecomap'.
[Tue Sep 10 16:08:06.508842 2019] [wsgi:debug] [pid 19109:tid 139983972148992] src/server/mod_wsgi.c(8908): mod_wsgi (pid=19109): Started thread 1 in daemon process 'ecomap'.
[Tue Sep 10 16:08:06.508855 2019] [wsgi:debug] [pid 19109:tid 139983963756288] src/server/mod_wsgi.c(8908): mod_wsgi (pid=19109): Started thread 2 in daemon process 'ecomap'.
[Tue Sep 10 16:08:06.508868 2019] [wsgi:debug] [pid 19109:tid 139983955363584] src/server/mod_wsgi.c(8908): mod_wsgi (pid=19109): Started thread 3 in daemon process 'ecomap'.
[Tue Sep 10 16:08:06.508880 2019] [wsgi:debug] [pid 19109:tid 139983946970880] src/server/mod_wsgi.c(8908): mod_wsgi (pid=19109): Started thread 4 in daemon process 'ecomap'.
[Tue Sep 10 16:08:06.509066 2019] [wsgi:debug] [pid 19108:tid 139983955363584] src/server/mod_wsgi.c(8908): mod_wsgi (pid=19108): Started thread 3 in daemon process 'ecomap'.
[Tue Sep 10 16:08:06.509083 2019] [wsgi:debug] [pid 19108:tid 139983980541696] src/server/mod_wsgi.c(8908): mod_wsgi (pid=19108): Started thread 0 in daemon process 'ecomap'.
[Tue Sep 10 16:08:06.509100 2019] [wsgi:debug] [pid 19108:tid 139983972148992] src/server/mod_wsgi.c(8908): mod_wsgi (pid=19108): Started thread 1 in daemon process 'ecomap'.
[Tue Sep 10 16:08:06.509115 2019] [wsgi:debug] [pid 19108:tid 139983963756288] src/server/mod_wsgi.c(8908): mod_wsgi (pid=19108): Started thread 2 in daemon process 'ecomap'.
[Tue Sep 10 16:08:06.509127 2019] [wsgi:debug] [pid 19108:tid 139983946970880] src/server/mod_wsgi.c(8908): mod_wsgi (pid=19108): Started thread 4 in daemon process 'ecomap'.
[Tue Sep 10 16:08:10.892511 2019] [authz_core:debug] [pid 19114:tid 139983763490560] mod_authz_core.c(809): [client 127.0.0.1:43452] AH01626: authorization result of Require all granted: granted
[Tue Sep 10 16:08:10.892597 2019] [authz_core:debug] [pid 19114:tid 139983763490560] mod_authz_core.c(809): [client 127.0.0.1:43452] AH01626: authorization result of <RequireAny>: granted
[Tue Sep 10 16:08:10.892672 2019] [authz_core:debug] [pid 19114:tid 139983763490560] mod_authz_core.c(809): [client 127.0.0.1:43452] AH01626: authorization result of Require all granted: granted
[Tue Sep 10 16:08:10.892680 2019] [authz_core:debug] [pid 19114:tid 139983763490560] mod_authz_core.c(809): [client 127.0.0.1:43452] AH01626: authorization result of <RequireAny>: granted
[Tue Sep 10 16:08:30.925960 2019] [wsgi:info] [pid 19112:tid 139984096590784] mod_wsgi (pid=19112): Shutdown requested 'ecomap'.
[Tue Sep 10 16:08:30.926185 2019] [wsgi:info] [pid 19112:tid 139984096590784] mod_wsgi (pid=19112): Stopping process 'ecomap'.
[Tue Sep 10 16:08:30.926197 2019] [wsgi:info] [pid 19112:tid 139984096590784] mod_wsgi (pid=19112): Destroying interpreters.
[Tue Sep 10 16:08:30.926203 2019] [wsgi:info] [pid 19112:tid 139984096590784] mod_wsgi (pid=19112): Cleanup interpreter ''.
[Tue Sep 10 16:08:30.927881 2019] [wsgi:info] [pid 19112:tid 139984096590784] mod_wsgi (pid=19112): Terminating Python.
[Tue Sep 10 16:08:30.929483 2019] [wsgi:info] [pid 19112:tid 139984096590784] mod_wsgi (pid=19112): Python has shutdown.
[Tue Sep 10 16:08:30.929499 2019] [wsgi:info] [pid 19112:tid 139984096590784] mod_wsgi (pid=19112): Exiting process 'ecomap'.
[Tue Sep 10 16:08:30.926022 2019] [wsgi:info] [pid 19111:tid 139984096590784] mod_wsgi (pid=19111): Shutdown requested 'ecomap'.
[Tue Sep 10 16:08:30.929935 2019] [wsgi:info] [pid 19111:tid 139984096590784] mod_wsgi (pid=19111): Stopping process 'ecomap'.
[Tue Sep 10 16:08:30.929947 2019] [wsgi:info] [pid 19111:tid 139984096590784] mod_wsgi (pid=19111): Destroying interpreters.
[Tue Sep 10 16:08:30.929952 2019] [wsgi:info] [pid 19111:tid 139984096590784] mod_wsgi (pid=19111): Cleanup interpreter ''.
[Tue Sep 10 16:08:30.931633 2019] [wsgi:info] [pid 19111:tid 139984096590784] mod_wsgi (pid=19111): Terminating Python.
[Tue Sep 10 16:08:30.933227 2019] [wsgi:info] [pid 19111:tid 139984096590784] mod_wsgi (pid=19111): Python has shutdown.
[Tue Sep 10 16:08:30.933242 2019] [wsgi:info] [pid 19111:tid 139984096590784] mod_wsgi (pid=19111): Exiting process 'ecomap'.
[Tue Sep 10 16:08:30.926059 2019] [wsgi:info] [pid 19110:tid 139984096590784] mod_wsgi (pid=19110): Shutdown requested 'ecomap'.
[Tue Sep 10 16:08:30.933582 2019] [wsgi:info] [pid 19110:tid 139984096590784] mod_wsgi (pid=19110): Stopping process 'ecomap'.
[Tue Sep 10 16:08:30.933594 2019] [wsgi:info] [pid 19110:tid 139984096590784] mod_wsgi (pid=19110): Destroying interpreters.
[Tue Sep 10 16:08:30.933602 2019] [wsgi:info] [pid 19110:tid 139984096590784] mod_wsgi (pid=19110): Cleanup interpreter ''.
[Tue Sep 10 16:08:30.933743 2019] [wsgi:debug] [pid 19110:tid 139983963756288] src/server/mod_wsgi.c(8889): mod_wsgi (pid=19110): Exiting thread 2 in daemon process 'ecomap'.
[Tue Sep 10 16:08:30.934005 2019] [wsgi:debug] [pid 19110:tid 139983980541696] src/server/mod_wsgi.c(8889): mod_wsgi (pid=19110): Exiting thread 0 in daemon process 'ecomap'.
[Tue Sep 10 16:08:30.934049 2019] [wsgi:debug] [pid 19110:tid 139983955363584] src/server/mod_wsgi.c(8889): mod_wsgi (pid=19110): Exiting thread 3 in daemon process 'ecomap'.
[Tue Sep 10 16:08:30.934082 2019] [wsgi:debug] [pid 19110:tid 139983946970880] src/server/mod_wsgi.c(8889): mod_wsgi (pid=19110): Exiting thread 4 in daemon process 'ecomap'.
[Tue Sep 10 16:08:30.926083 2019] [wsgi:info] [pid 19109:tid 139984096590784] mod_wsgi (pid=19109): Shutdown requested 'ecomap'.
[Tue Sep 10 16:08:30.934168 2019] [wsgi:info] [pid 19109:tid 139984096590784] mod_wsgi (pid=19109): Stopping process 'ecomap'.
[Tue Sep 10 16:08:30.934179 2019] [wsgi:info] [pid 19109:tid 139984096590784] mod_wsgi (pid=19109): Destroying interpreters.
[Tue Sep 10 16:08:30.934185 2019] [wsgi:info] [pid 19109:tid 139984096590784] mod_wsgi (pid=19109): Cleanup interpreter ''.
[Tue Sep 10 16:08:30.935861 2019] [wsgi:info] [pid 19109:tid 139984096590784] mod_wsgi (pid=19109): Terminating Python.
[Tue Sep 10 16:08:30.937455 2019] [wsgi:info] [pid 19109:tid 139984096590784] mod_wsgi (pid=19109): Python has shutdown.
[Tue Sep 10 16:08:30.937481 2019] [wsgi:info] [pid 19109:tid 139984096590784] mod_wsgi (pid=19109): Exiting process 'ecomap'.
[Tue Sep 10 16:08:30.926113 2019] [wsgi:info] [pid 19108:tid 139984096590784] mod_wsgi (pid=19108): Shutdown requested 'ecomap'.
[Tue Sep 10 16:08:30.937856 2019] [wsgi:info] [pid 19108:tid 139984096590784] mod_wsgi (pid=19108): Stopping process 'ecomap'.
[Tue Sep 10 16:08:30.937868 2019] [wsgi:info] [pid 19108:tid 139984096590784] mod_wsgi (pid=19108): Destroying interpreters.
[Tue Sep 10 16:08:30.937873 2019] [wsgi:info] [pid 19108:tid 139984096590784] mod_wsgi (pid=19108): Cleanup interpreter ''.
[Tue Sep 10 16:08:30.939538 2019] [wsgi:info] [pid 19108:tid 139984096590784] mod_wsgi (pid=19108): Terminating Python.
[Tue Sep 10 16:08:30.941134 2019] [wsgi:info] [pid 19108:tid 139984096590784] mod_wsgi (pid=19108): Python has shutdown.
[Tue Sep 10 16:08:30.941147 2019] [wsgi:info] [pid 19108:tid 139984096590784] mod_wsgi (pid=19108): Exiting process 'ecomap'.
[Tue Sep 10 16:08:30.941628 2019] [wsgi:info] [pid 19110:tid 139984096590784] mod_wsgi (pid=19110): Terminating Python.
[Tue Sep 10 16:08:30.963312 2019] [wsgi:info] [pid 19110:tid 139984096590784] mod_wsgi (pid=19110): Python has shutdown.
[Tue Sep 10 16:08:30.963350 2019] [wsgi:info] [pid 19110:tid 139984096590784] mod_wsgi (pid=19110): Exiting process 'ecomap'.
[Tue Sep 10 16:08:31.033199 2019] [wsgi:info] [pid 19223:tid 139984096590784] mod_wsgi (pid=19223): Attach interpreter ''.
[Tue Sep 10 16:08:31.044723 2019] [wsgi:info] [pid 19219:tid 139984096590784] mod_wsgi (pid=19219): Attach interpreter ''.
[Tue Sep 10 16:08:31.036484 2019] [wsgi:info] [pid 19222:tid 139984096590784] mod_wsgi (pid=19222): Attach interpreter ''.
[Tue Sep 10 16:08:31.038885 2019] [wsgi:info] [pid 19221:tid 139984096590784] mod_wsgi (pid=19221): Attach interpreter ''.
[Tue Sep 10 16:08:31.043051 2019] [wsgi:info] [pid 19220:tid 139984096590784] mod_wsgi (pid=19220): Attach interpreter ''.
[Tue Sep 10 16:08:31.047257 2019] [wsgi:debug] [pid 19223:tid 139983980541696] src/server/mod_wsgi.c(8908): mod_wsgi (pid=19223): Started thread 0 in daemon process 'ecomap'.
[Tue Sep 10 16:08:31.047295 2019] [wsgi:debug] [pid 19223:tid 139983972148992] src/server/mod_wsgi.c(8908): mod_wsgi (pid=19223): Started thread 1 in daemon process 'ecomap'.
[Tue Sep 10 16:08:31.047312 2019] [wsgi:debug] [pid 19223:tid 139983963756288] src/server/mod_wsgi.c(8908): mod_wsgi (pid=19223): Started thread 2 in daemon process 'ecomap'.
[Tue Sep 10 16:08:31.047324 2019] [wsgi:debug] [pid 19223:tid 139983955363584] src/server/mod_wsgi.c(8908): mod_wsgi (pid=19223): Started thread 3 in daemon process 'ecomap'.
[Tue Sep 10 16:08:31.047336 2019] [wsgi:debug] [pid 19223:tid 139983946970880] src/server/mod_wsgi.c(8908): mod_wsgi (pid=19223): Started thread 4 in daemon process 'ecomap'.
[Tue Sep 10 16:08:31.047370 2019] [wsgi:debug] [pid 19222:tid 139983980541696] src/server/mod_wsgi.c(8908): mod_wsgi (pid=19222): Started thread 0 in daemon process 'ecomap'.
[Tue Sep 10 16:08:31.047385 2019] [wsgi:debug] [pid 19222:tid 139983955363584] src/server/mod_wsgi.c(8908): mod_wsgi (pid=19222): Started thread 3 in daemon process 'ecomap'.
[Tue Sep 10 16:08:31.047401 2019] [wsgi:debug] [pid 19222:tid 139983972148992] src/server/mod_wsgi.c(8908): mod_wsgi (pid=19222): Started thread 1 in daemon process 'ecomap'.
[Tue Sep 10 16:08:31.047413 2019] [wsgi:debug] [pid 19222:tid 139983963756288] src/server/mod_wsgi.c(8908): mod_wsgi (pid=19222): Started thread 2 in daemon process 'ecomap'.
[Tue Sep 10 16:08:31.047425 2019] [wsgi:debug] [pid 19222:tid 139983946970880] src/server/mod_wsgi.c(8908): mod_wsgi (pid=19222): Started thread 4 in daemon process 'ecomap'.
[Tue Sep 10 16:08:31.047453 2019] [wsgi:debug] [pid 19221:tid 139983980541696] src/server/mod_wsgi.c(8908): mod_wsgi (pid=19221): Started thread 0 in daemon process 'ecomap'.
[Tue Sep 10 16:08:31.047469 2019] [wsgi:debug] [pid 19221:tid 139983972148992] src/server/mod_wsgi.c(8908): mod_wsgi (pid=19221): Started thread 1 in daemon process 'ecomap'.
[Tue Sep 10 16:08:31.047491 2019] [wsgi:debug] [pid 19221:tid 139983963756288] src/server/mod_wsgi.c(8908): mod_wsgi (pid=19221): Started thread 2 in daemon process 'ecomap'.
[Tue Sep 10 16:08:31.047502 2019] [wsgi:debug] [pid 19221:tid 139983955363584] src/server/mod_wsgi.c(8908): mod_wsgi (pid=19221): Started thread 3 in daemon process 'ecomap'.
[Tue Sep 10 16:08:31.047513 2019] [wsgi:debug] [pid 19221:tid 139983946970880] src/server/mod_wsgi.c(8908): mod_wsgi (pid=19221): Started thread 4 in daemon process 'ecomap'.
[Tue Sep 10 16:08:31.048462 2019] [wsgi:debug] [pid 19220:tid 139983980541696] src/server/mod_wsgi.c(8908): mod_wsgi (pid=19220): Started thread 0 in daemon process 'ecomap'.
[Tue Sep 10 16:08:31.048492 2019] [wsgi:debug] [pid 19220:tid 139983946970880] src/server/mod_wsgi.c(8908): mod_wsgi (pid=19220): Started thread 4 in daemon process 'ecomap'.
[Tue Sep 10 16:08:31.048505 2019] [wsgi:debug] [pid 19220:tid 139983972148992] src/server/mod_wsgi.c(8908): mod_wsgi (pid=19220): Started thread 1 in daemon process 'ecomap'.
[Tue Sep 10 16:08:31.048517 2019] [wsgi:debug] [pid 19220:tid 139983963756288] src/server/mod_wsgi.c(8908): mod_wsgi (pid=19220): Started thread 2 in daemon process 'ecomap'.
[Tue Sep 10 16:08:31.048529 2019] [wsgi:debug] [pid 19220:tid 139983955363584] src/server/mod_wsgi.c(8908): mod_wsgi (pid=19220): Started thread 3 in daemon process 'ecomap'.
[Tue Sep 10 16:08:31.048549 2019] [wsgi:debug] [pid 19219:tid 139983980541696] src/server/mod_wsgi.c(8908): mod_wsgi (pid=19219): Started thread 0 in daemon process 'ecomap'.
[Tue Sep 10 16:08:31.048564 2019] [wsgi:debug] [pid 19219:tid 139983972148992] src/server/mod_wsgi.c(8908): mod_wsgi (pid=19219): Started thread 1 in daemon process 'ecomap'.
[Tue Sep 10 16:08:31.048577 2019] [wsgi:debug] [pid 19219:tid 139983963756288] src/server/mod_wsgi.c(8908): mod_wsgi (pid=19219): Started thread 2 in daemon process 'ecomap'.
[Tue Sep 10 16:08:31.048589 2019] [wsgi:debug] [pid 19219:tid 139983955363584] src/server/mod_wsgi.c(8908): mod_wsgi (pid=19219): Started thread 3 in daemon process 'ecomap'.
[Tue Sep 10 16:08:31.048602 2019] [wsgi:debug] [pid 19219:tid 139983946970880] src/server/mod_wsgi.c(8908): mod_wsgi (pid=19219): Started thread 4 in daemon process 'ecomap'.
[Tue Sep 10 16:08:33.576030 2019] [authz_core:debug] [pid 19224:tid 139983822239488] mod_authz_core.c(809): [client 127.0.0.1:43454] AH01626: authorization result of Require all granted: granted
[Tue Sep 10 16:08:33.576114 2019] [authz_core:debug] [pid 19224:tid 139983822239488] mod_authz_core.c(809): [client 127.0.0.1:43454] AH01626: authorization result of <RequireAny>: granted
[Tue Sep 10 16:08:33.576174 2019] [authz_core:debug] [pid 19224:tid 139983822239488] mod_authz_core.c(809): [client 127.0.0.1:43454] AH01626: authorization result of Require all granted: granted
[Tue Sep 10 16:08:33.576186 2019] [authz_core:debug] [pid 19224:tid 139983822239488] mod_authz_core.c(809): [client 127.0.0.1:43454] AH01626: authorization result of <RequireAny>: granted
